<?xml version="1.0" encoding="UTF-8"?>
<!-- Generated by org.testng.reporters.JUnitReportReporter -->
<testsuite skipped="0" hostname="ip-172-31-87-20" name="test.LoginTest" tests="2" failures="0" timestamp="2021-11-08T08:27:51 UTC" time="3.119" errors="0">
  <testcase name="PositiveLogin" time="1.639" classname="test.LoginTest"/>
  <system-out/>
  <testcase name="NegativeLogin" time="1.480" classname="test.LoginTest"/>
  <system-out/>
</testsuite> <!-- test.LoginTest -->
